Arguments: 
  /usr/local/bin/node /usr/local/Cellar/yarn/1.16.0/libexec/bin/yarn.js init

PATH: 
  /Users/garethjohns/.rbenv/shims:/Users/garethjohns/.rbenv/shims:/usr/local/bin:/usr/bin:/bin:/usr/sbin:/sbin

Yarn version: 
  1.16.0

Node version: 
  10.15.3

Platform: 
  darwin x64

Trace: 
  Error: canceled
      at Interface.<anonymous> (/usr/local/Cellar/yarn/1.16.0/libexec/lib/cli.js:125850:13)
      at Interface.emit (events.js:189:13)
      at Interface._ttyWrite (readline.js:783:16)
      at ReadStream.onkeypress (readline.js:168:10)
      at ReadStream.emit (events.js:189:13)
      at emitKeys (internal/readline.js:424:14)
      at emitKeys.next (<anonymous>)
      at ReadStream.onData (readline.js:1022:36)
      at ReadStream.emit (events.js:189:13)
      at addChunk (_stream_readable.js:284:12)

npm manifest: 
  {
    "name": "foundation-sites-template",
    "version": "1.0.0",
    "description": "Basic template for a new Foundation for Sites project.",
    "main": "gulpfile.js",
    "devDependencies": {
      "gulp": "^3.9.0",
      "gulp-autoprefixer": "^3.1.0",
      "gulp-load-plugins": "^1.1.0",
      "gulp-sass": "^2.1.0"
    },
    "scripts": {
      "start": "gulp",
      "build": "gulp sass"
    },
    "repository": {
      "type": "git",
      "url": "https://github.com/zurb/foundation-sites-template.git"
    },
    "bugs": {
      "url": "https://github.com/zurb/foundation-sites/issues",
      "email": "foundation@zurb.com"
    },
    "author": "ZURB <foundation@zurb.com>",
    "license": "MIT",
    "private": true,
    "dependencies": {
      "gulp-autoprefixer": "^3.1.0"
    }
  }

yarn manifest: 
  No manifest

Lockfile: 
  No lockfile
